<?xml version="1.0" encoding="UTF-8"?>
<testsuite name="co.com.leantech.automation.swaglabs.runners.PurchaseOrder" tests="1" skipped="0" failures="0" errors="0" timestamp="2022-12-21T03:12:58" hostname="apto-Lenovo-Y520-15IKBN" time="9.073">
  <properties/>
  <testcase name="Successful purchase order creation" classname="co.com.leantech.automation.swaglabs.runners.PurchaseOrder" time="9.073"/>
  <system-out><![CDATA[
1 Scenarios (?[32m1 passed?[0m)
3 Steps (?[32m3 passed?[0m)
0m9,358s

]]></system-out>
  <system-err><![CDATA[dic 20, 2022 10:12:58 PM org.openqa.selenium.remote.DesiredCapabilities chrome
INFORMACIÓN: Using `new ChromeOptions()` is preferred to `DesiredCapabilities.chrome()`
Starting ChromeDriver 105.0.5195.19 (b9c217c128c16f53d12f9a02933fcfdec1bf49af-refs/branch-heads/5195@{#176}) on port 24750
Only local connections are allowed.
Please see https://chromedriver.chromium.org/security-considerations for suggestions on keeping ChromeDriver safe.
ChromeDriver was started successfully.
[1671592379,593][WARNING]: This version of ChromeDriver has not been tested with Chrome version 106.
dic 20, 2022 10:12:59 PM org.openqa.selenium.remote.ProtocolHandshake createSession
INFORMACIÓN: Detected dialect: W3C
]]></system-err>
</testsuite>
