<?xml version="1.0" encoding="UTF-8"?>
<testsuite name="co.com.leantech.automation.swaglabs.runners.PurchaseOrder" tests="1" skipped="0" failures="0" errors="0" timestamp="2022-12-17T00:59:29" hostname="apto-Lenovo-Y520-15IKBN" time="6.109">
  <properties/>
  <testcase name="Successful purchase order creation" classname="co.com.leantech.automation.swaglabs.runners.PurchaseOrder" time="6.109"/>
  <system-out><![CDATA[
1 Scenarios (?[32m1 passed?[0m)
3 Steps (?[32m3 passed?[0m)
0m6,388s

]]></system-out>
  <system-err><![CDATA[dic 16, 2022 7:59:30 PM org.openqa.selenium.remote.DesiredCapabilities chrome
INFORMACIÓN: Using `new ChromeOptions()` is preferred to `DesiredCapabilities.chrome()`
Starting ChromeDriver 105.0.5195.19 (b9c217c128c16f53d12f9a02933fcfdec1bf49af-refs/branch-heads/5195@{#176}) on port 16806
Only local connections are allowed.
Please see https://chromedriver.chromium.org/security-considerations for suggestions on keeping ChromeDriver safe.
ChromeDriver was started successfully.
[1671238771,231][WARNING]: This version of ChromeDriver has not been tested with Chrome version 106.
dic 16, 2022 7:59:31 PM org.openqa.selenium.remote.ProtocolHandshake createSession
INFORMACIÓN: Detected dialect: W3C
]]></system-err>
</testsuite>
